<?xml version="1.0" encoding="UTF-8"?>
<!-- Generated by org.testng.reporters.JUnitReportReporter -->
<testsuite hostname="IN-926HX14" failures="0" tests="1" name="com.nagarro.tests.TestCase1" time="3.966" errors="0" timestamp="2025-01-30T11:55:55 IST" skipped="0">
  <testcase classname="com.nagarro.tests.TestCase1" name="testTitle" time="3.966"/>
</testsuite> <!-- com.nagarro.tests.TestCase1 -->
