<?xml version="1.0" encoding="UTF-8"?>
<!-- Generated by org.testng.reporters.JUnitReportReporter -->
<testsuite hostname="IN-926HX14" failures="0" tests="2" name="com.nagarro.tests.TestAmazon" time="14.120" errors="0" timestamp="2025-01-30T12:03:35 IST" skipped="0">
  <testcase classname="com.nagarro.tests.TestAmazon" name="testGoogleSearch" time="9.392"/>
  <testcase classname="com.nagarro.tests.TestAmazon" name="testTitle" time="4.728"/>
</testsuite> <!-- com.nagarro.tests.TestAmazon -->
