<?xml version="1.0" encoding="UTF-8"?>
<!-- Generated by org.testng.reporters.JUnitReportReporter -->
<testsuite hostname="IN-926HX14" failures="0" tests="3" name="com.nagarro.tests.TestGoogle" time="23.141" errors="0" timestamp="2025-01-31T14:59:46 IST" skipped="0">
  <testcase classname="com.nagarro.tests.TestGoogle" name="testAmazonSearch" time="14.081"/>
  <testcase classname="com.nagarro.tests.TestGoogle" name="testTitle" time="5.233"/>
  <testcase classname="com.nagarro.tests.TestGoogle" name="testAmazonTitle" time="3.827"/>
</testsuite> <!-- com.nagarro.tests.TestGoogle -->
