<?xml version="1.0" encoding="UTF-8"?>
<!-- Generated by org.testng.reporters.JUnitReportReporter -->
<testsuite hostname="IN-926HX14" failures="0" tests="2" name="com.nagarro.tests.TestGoogle" time="6.911" errors="0" timestamp="2025-01-31T15:25:59 IST" skipped="0">
  <testcase classname="com.nagarro.tests.TestGoogle" name="testTitle" time="3.890"/>
  <testcase classname="com.nagarro.tests.TestGoogle" name="testAmazonTitle" time="3.021"/>
</testsuite> <!-- com.nagarro.tests.TestGoogle -->
